<?xml version="1.0" encoding="UTF-8"?>
<testsuite xmlns:xsi="http://www.w3.org/2001/XMLSchema-instance" xsi:noNamespaceSchemaLocation="https://maven.apache.org/surefire/maven-surefire-plugin/xsd/surefire-test-report.xsd" name="io.renren.RenrenApplicationTests" time="1.282" tests="1" errors="0" skipped="0" failures="0">
  <properties>
    <property name="sun.desktop" value="windows"/>
    <property name="awt.toolkit" value="sun.awt.windows.WToolkit"/>
    <property name="java.specification.version" value="11"/>
    <property name="sun.cpu.isalist" value="amd64"/>
    <property name="sun.jnu.encoding" value="GBK"/>
    <property name="java.class.path" value="E:\java-project\guli-shop\renren-generator\target\test-classes;E:\java-project\guli-shop\renren-generator\target\classes;E:\mavenDownload\org\springframework\boot\spring-boot-starter-test\2.2.6.RELEASE\spring-boot-starter-test-2.2.6.RELEASE.jar;E:\mavenDownload\org\springframework\boot\spring-boot-starter\2.2.6.RELEASE\spring-boot-starter-2.2.6.RELEASE.jar;E:\mavenDownload\org\springframework\boot\spring-boot\2.2.6.RELEASE\spring-boot-2.2.6.RELEASE.jar;E:\mavenDownload\org\springframework\boot\spring-boot-starter-logging\2.2.6.RELEASE\spring-boot-starter-logging-2.2.6.RELEASE.jar;E:\mavenDownload\ch\qos\logback\logback-classic\1.2.3\logback-classic-1.2.3.jar;E:\mavenDownload\ch\qos\logback\logback-core\1.2.3\logback-core-1.2.3.jar;E:\mavenDownload\org\apache\logging\log4j\log4j-to-slf4j\2.12.1\log4j-to-slf4j-2.12.1.jar;E:\mavenDownload\org\apache\logging\log4j\log4j-api\2.12.1\log4j-api-2.12.1.jar;E:\mavenDownload\org\slf4j\jul-to-slf4j\1.7.30\jul-to-slf4j-1.7.30.jar;E:\mavenDownload\jakarta\annotation\jakarta.annotation-api\1.3.5\jakarta.annotation-api-1.3.5.jar;E:\mavenDownload\org\yaml\snakeyaml\1.25\snakeyaml-1.25.jar;E:\mavenDownload\org\springframework\boot\spring-boot-test\2.2.6.RELEASE\spring-boot-test-2.2.6.RELEASE.jar;E:\mavenDownload\org\springframework\boot\spring-boot-test-autoconfigure\2.2.6.RELEASE\spring-boot-test-autoconfigure-2.2.6.RELEASE.jar;E:\mavenDownload\com\jayway\jsonpath\json-path\2.4.0\json-path-2.4.0.jar;E:\mavenDownload\net\minidev\json-smart\2.3\json-smart-2.3.jar;E:\mavenDownload\net\minidev\accessors-smart\1.2\accessors-smart-1.2.jar;E:\mavenDownload\org\ow2\asm\asm\5.0.4\asm-5.0.4.jar;E:\mavenDownload\org\slf4j\slf4j-api\1.7.30\slf4j-api-1.7.30.jar;E:\mavenDownload\jakarta\xml\bind\jakarta.xml.bind-api\2.3.3\jakarta.xml.bind-api-2.3.3.jar;E:\mavenDownload\jakarta\activation\jakarta.activation-api\1.2.2\jakarta.activation-api-1.2.2.jar;E:\mavenDownload\org\junit\jupiter\junit-jupiter\5.5.2\junit-jupiter-5.5.2.jar;E:\mavenDownload\org\junit\jupiter\junit-jupiter-api\5.5.2\junit-jupiter-api-5.5.2.jar;E:\mavenDownload\org\opentest4j\opentest4j\1.2.0\opentest4j-1.2.0.jar;E:\mavenDownload\org\junit\platform\junit-platform-commons\1.5.2\junit-platform-commons-1.5.2.jar;E:\mavenDownload\org\junit\jupiter\junit-jupiter-params\5.5.2\junit-jupiter-params-5.5.2.jar;E:\mavenDownload\org\junit\jupiter\junit-jupiter-engine\5.5.2\junit-jupiter-engine-5.5.2.jar;E:\mavenDownload\org\junit\vintage\junit-vintage-engine\5.5.2\junit-vintage-engine-5.5.2.jar;E:\mavenDownload\org\apiguardian\apiguardian-api\1.1.0\apiguardian-api-1.1.0.jar;E:\mavenDownload\org\junit\platform\junit-platform-engine\1.5.2\junit-platform-engine-1.5.2.jar;E:\mavenDownload\junit\junit\4.12\junit-4.12.jar;E:\mavenDownload\org\mockito\mockito-junit-jupiter\3.1.0\mockito-junit-jupiter-3.1.0.jar;E:\mavenDownload\org\assertj\assertj-core\3.13.2\assertj-core-3.13.2.jar;E:\mavenDownload\org\hamcrest\hamcrest\2.1\hamcrest-2.1.jar;E:\mavenDownload\org\mockito\mockito-core\3.1.0\mockito-core-3.1.0.jar;E:\mavenDownload\net\bytebuddy\byte-buddy\1.10.8\byte-buddy-1.10.8.jar;E:\mavenDownload\net\bytebuddy\byte-buddy-agent\1.10.8\byte-buddy-agent-1.10.8.jar;E:\mavenDownload\org\objenesis\objenesis\2.6\objenesis-2.6.jar;E:\mavenDownload\org\skyscreamer\jsonassert\1.5.0\jsonassert-1.5.0.jar;E:\mavenDownload\com\vaadin\external\google\android-json\0.0.20131108.vaadin1\android-json-0.0.20131108.vaadin1.jar;E:\mavenDownload\org\springframework\spring-core\5.2.5.RELEASE\spring-core-5.2.5.RELEASE.jar;E:\mavenDownload\org\springframework\spring-jcl\5.2.5.RELEASE\spring-jcl-5.2.5.RELEASE.jar;E:\mavenDownload\org\springframework\spring-test\5.2.5.RELEASE\spring-test-5.2.5.RELEASE.jar;E:\mavenDownload\org\xmlunit\xmlunit-core\2.6.4\xmlunit-core-2.6.4.jar;E:\mavenDownload\org\springframework\boot\spring-boot-starter-web\2.2.6.RELEASE\spring-boot-starter-web-2.2.6.RELEASE.jar;E:\mavenDownload\org\springframework\boot\spring-boot-starter-json\2.2.6.RELEASE\spring-boot-starter-json-2.2.6.RELEASE.jar;E:\mavenDownload\com\fasterxml\jackson\core\jackson-databind\2.10.3\jackson-databind-2.10.3.jar;E:\mavenDownload\com\fasterxml\jackson\core\jackson-annotations\2.10.3\jackson-annotations-2.10.3.jar;E:\mavenDownload\com\fasterxml\jackson\core\jackson-core\2.10.3\jackson-core-2.10.3.jar;E:\mavenDownload\com\fasterxml\jackson\datatype\jackson-datatype-jdk8\2.10.3\jackson-datatype-jdk8-2.10.3.jar;E:\mavenDownload\com\fasterxml\jackson\datatype\jackson-datatype-jsr310\2.10.3\jackson-datatype-jsr310-2.10.3.jar;E:\mavenDownload\com\fasterxml\jackson\module\jackson-module-parameter-names\2.10.3\jackson-module-parameter-names-2.10.3.jar;E:\mavenDownload\org\springframework\boot\spring-boot-starter-tomcat\2.2.6.RELEASE\spring-boot-starter-tomcat-2.2.6.RELEASE.jar;E:\mavenDownload\org\apache\tomcat\embed\tomcat-embed-core\9.0.33\tomcat-embed-core-9.0.33.jar;E:\mavenDownload\org\apache\tomcat\embed\tomcat-embed-el\9.0.33\tomcat-embed-el-9.0.33.jar;E:\mavenDownload\org\apache\tomcat\embed\tomcat-embed-websocket\9.0.33\tomcat-embed-websocket-9.0.33.jar;E:\mavenDownload\org\springframework\boot\spring-boot-starter-validation\2.2.6.RELEASE\spring-boot-starter-validation-2.2.6.RELEASE.jar;E:\mavenDownload\jakarta\validation\jakarta.validation-api\2.0.2\jakarta.validation-api-2.0.2.jar;E:\mavenDownload\org\hibernate\validator\hibernate-validator\6.0.18.Final\hibernate-validator-6.0.18.Final.jar;E:\mavenDownload\org\jboss\logging\jboss-logging\3.4.1.Final\jboss-logging-3.4.1.Final.jar;E:\mavenDownload\com\fasterxml\classmate\1.5.1\classmate-1.5.1.jar;E:\mavenDownload\org\springframework\spring-web\5.2.5.RELEASE\spring-web-5.2.5.RELEASE.jar;E:\mavenDownload\org\springframework\spring-beans\5.2.5.RELEASE\spring-beans-5.2.5.RELEASE.jar;E:\mavenDownload\org\springframework\spring-webmvc\5.2.5.RELEASE\spring-webmvc-5.2.5.RELEASE.jar;E:\mavenDownload\org\springframework\spring-aop\5.2.5.RELEASE\spring-aop-5.2.5.RELEASE.jar;E:\mavenDownload\org\springframework\spring-context\5.2.5.RELEASE\spring-context-5.2.5.RELEASE.jar;E:\mavenDownload\org\springframework\spring-expression\5.2.5.RELEASE\spring-expression-5.2.5.RELEASE.jar;E:\mavenDownload\com\baomidou\mybatis-plus-boot-starter\3.3.1\mybatis-plus-boot-starter-3.3.1.jar;E:\mavenDownload\com\baomidou\mybatis-plus\3.3.1\mybatis-plus-3.3.1.jar;E:\mavenDownload\com\baomidou\mybatis-plus-extension\3.3.1\mybatis-plus-extension-3.3.1.jar;E:\mavenDownload\com\baomidou\mybatis-plus-core\3.3.1\mybatis-plus-core-3.3.1.jar;E:\mavenDownload\com\baomidou\mybatis-plus-annotation\3.3.1\mybatis-plus-annotation-3.3.1.jar;E:\mavenDownload\org\mybatis\mybatis\3.5.3\mybatis-3.5.3.jar;E:\mavenDownload\org\mybatis\mybatis-spring\2.0.3\mybatis-spring-2.0.3.jar;E:\mavenDownload\org\springframework\boot\spring-boot-autoconfigure\2.2.6.RELEASE\spring-boot-autoconfigure-2.2.6.RELEASE.jar;E:\mavenDownload\org\springframework\boot\spring-boot-starter-jdbc\2.2.6.RELEASE\spring-boot-starter-jdbc-2.2.6.RELEASE.jar;E:\mavenDownload\com\zaxxer\HikariCP\3.4.2\HikariCP-3.4.2.jar;E:\mavenDownload\org\springframework\spring-jdbc\5.2.5.RELEASE\spring-jdbc-5.2.5.RELEASE.jar;E:\mavenDownload\org\springframework\spring-tx\5.2.5.RELEASE\spring-tx-5.2.5.RELEASE.jar;E:\mavenDownload\com\alibaba\druid\1.1.13\druid-1.1.13.jar;E:\mavenDownload\commons-lang\commons-lang\2.6\commons-lang-2.6.jar;E:\mavenDownload\commons-io\commons-io\2.5\commons-io-2.5.jar;E:\mavenDownload\commons-configuration\commons-configuration\1.10\commons-configuration-1.10.jar;E:\mavenDownload\commons-logging\commons-logging\1.1.1\commons-logging-1.1.1.jar;E:\mavenDownload\com\alibaba\fastjson\1.2.60\fastjson-1.2.60.jar;E:\mavenDownload\org\apache\velocity\velocity\1.7\velocity-1.7.jar;E:\mavenDownload\commons-collections\commons-collections\3.2.1\commons-collections-3.2.1.jar;E:\mavenDownload\com\github\pagehelper\pagehelper-spring-boot-starter\1.2.5\pagehelper-spring-boot-starter-1.2.5.jar;E:\mavenDownload\org\mybatis\spring\boot\mybatis-spring-boot-starter\1.3.2\mybatis-spring-boot-starter-1.3.2.jar;E:\mavenDownload\org\mybatis\spring\boot\mybatis-spring-boot-autoconfigure\1.3.2\mybatis-spring-boot-autoconfigure-1.3.2.jar;E:\mavenDownload\com\github\pagehelper\pagehelper-spring-boot-autoconfigure\1.2.5\pagehelper-spring-boot-autoconfigure-1.2.5.jar;E:\mavenDownload\com\github\pagehelper\pagehelper\5.1.4\pagehelper-5.1.4.jar;E:\mavenDownload\com\github\jsqlparser\jsqlparser\1.0\jsqlparser-1.0.jar;E:\mavenDownload\mysql\mysql-connector-java\8.0.17\mysql-connector-java-8.0.17.jar;E:\mavenDownload\com\oracle\ojdbc6\11.2.0.3\ojdbc6-11.2.0.3.jar;E:\mavenDownload\com\microsoft\sqlserver\sqljdbc4\4.0\sqljdbc4-4.0.jar;E:\mavenDownload\org\postgresql\postgresql\42.2.11\postgresql-42.2.11.jar;E:\mavenDownload\org\mongodb\mongo-java-driver\3.11.0\mongo-java-driver-3.11.0.jar;"/>
    <property name="java.vm.vendor" value="Oracle Corporation"/>
    <property name="sun.arch.data.model" value="64"/>
    <property name="user.variant" value=""/>
    <property name="java.vendor.url" value="https://openjdk.java.net/"/>
    <property name="user.timezone" value="Asia/Shanghai"/>
    <property name="java.vm.specification.version" value="11"/>
    <property name="os.name" value="Windows 11"/>
    <property name="sun.java.launcher" value="SUN_STANDARD"/>
    <property name="user.country" value="CN"/>
    <property name="sun.boot.library.path" value="C:\Program Files\Java\jdk-11\bin"/>
    <property name="sun.java.command" value="C:\Users\ADMINI~1\AppData\Local\Temp\surefire11081883426220816397\surefirebooter15865937830254653566.jar C:\Users\Administrator\AppData\Local\Temp\surefire11081883426220816397 2023-06-07T22-56-39_752-jvmRun1 surefire16737953397173505243tmp surefire_013916013588440246438tmp"/>
    <property name="jdk.debug" value="release"/>
    <property name="surefire.test.class.path" value="E:\java-project\guli-shop\renren-generator\target\test-classes;E:\java-project\guli-shop\renren-generator\target\classes;E:\mavenDownload\org\springframework\boot\spring-boot-starter-test\2.2.6.RELEASE\spring-boot-starter-test-2.2.6.RELEASE.jar;E:\mavenDownload\org\springframework\boot\spring-boot-starter\2.2.6.RELEASE\spring-boot-starter-2.2.6.RELEASE.jar;E:\mavenDownload\org\springframework\boot\spring-boot\2.2.6.RELEASE\spring-boot-2.2.6.RELEASE.jar;E:\mavenDownload\org\springframework\boot\spring-boot-starter-logging\2.2.6.RELEASE\spring-boot-starter-logging-2.2.6.RELEASE.jar;E:\mavenDownload\ch\qos\logback\logback-classic\1.2.3\logback-classic-1.2.3.jar;E:\mavenDownload\ch\qos\logback\logback-core\1.2.3\logback-core-1.2.3.jar;E:\mavenDownload\org\apache\logging\log4j\log4j-to-slf4j\2.12.1\log4j-to-slf4j-2.12.1.jar;E:\mavenDownload\org\apache\logging\log4j\log4j-api\2.12.1\log4j-api-2.12.1.jar;E:\mavenDownload\org\slf4j\jul-to-slf4j\1.7.30\jul-to-slf4j-1.7.30.jar;E:\mavenDownload\jakarta\annotation\jakarta.annotation-api\1.3.5\jakarta.annotation-api-1.3.5.jar;E:\mavenDownload\org\yaml\snakeyaml\1.25\snakeyaml-1.25.jar;E:\mavenDownload\org\springframework\boot\spring-boot-test\2.2.6.RELEASE\spring-boot-test-2.2.6.RELEASE.jar;E:\mavenDownload\org\springframework\boot\spring-boot-test-autoconfigure\2.2.6.RELEASE\spring-boot-test-autoconfigure-2.2.6.RELEASE.jar;E:\mavenDownload\com\jayway\jsonpath\json-path\2.4.0\json-path-2.4.0.jar;E:\mavenDownload\net\minidev\json-smart\2.3\json-smart-2.3.jar;E:\mavenDownload\net\minidev\accessors-smart\1.2\accessors-smart-1.2.jar;E:\mavenDownload\org\ow2\asm\asm\5.0.4\asm-5.0.4.jar;E:\mavenDownload\org\slf4j\slf4j-api\1.7.30\slf4j-api-1.7.30.jar;E:\mavenDownload\jakarta\xml\bind\jakarta.xml.bind-api\2.3.3\jakarta.xml.bind-api-2.3.3.jar;E:\mavenDownload\jakarta\activation\jakarta.activation-api\1.2.2\jakarta.activation-api-1.2.2.jar;E:\mavenDownload\org\junit\jupiter\junit-jupiter\5.5.2\junit-jupiter-5.5.2.jar;E:\mavenDownload\org\junit\jupiter\junit-jupiter-api\5.5.2\junit-jupiter-api-5.5.2.jar;E:\mavenDownload\org\opentest4j\opentest4j\1.2.0\opentest4j-1.2.0.jar;E:\mavenDownload\org\junit\platform\junit-platform-commons\1.5.2\junit-platform-commons-1.5.2.jar;E:\mavenDownload\org\junit\jupiter\junit-jupiter-params\5.5.2\junit-jupiter-params-5.5.2.jar;E:\mavenDownload\org\junit\jupiter\junit-jupiter-engine\5.5.2\junit-jupiter-engine-5.5.2.jar;E:\mavenDownload\org\junit\vintage\junit-vintage-engine\5.5.2\junit-vintage-engine-5.5.2.jar;E:\mavenDownload\org\apiguardian\apiguardian-api\1.1.0\apiguardian-api-1.1.0.jar;E:\mavenDownload\org\junit\platform\junit-platform-engine\1.5.2\junit-platform-engine-1.5.2.jar;E:\mavenDownload\junit\junit\4.12\junit-4.12.jar;E:\mavenDownload\org\mockito\mockito-junit-jupiter\3.1.0\mockito-junit-jupiter-3.1.0.jar;E:\mavenDownload\org\assertj\assertj-core\3.13.2\assertj-core-3.13.2.jar;E:\mavenDownload\org\hamcrest\hamcrest\2.1\hamcrest-2.1.jar;E:\mavenDownload\org\mockito\mockito-core\3.1.0\mockito-core-3.1.0.jar;E:\mavenDownload\net\bytebuddy\byte-buddy\1.10.8\byte-buddy-1.10.8.jar;E:\mavenDownload\net\bytebuddy\byte-buddy-agent\1.10.8\byte-buddy-agent-1.10.8.jar;E:\mavenDownload\org\objenesis\objenesis\2.6\objenesis-2.6.jar;E:\mavenDownload\org\skyscreamer\jsonassert\1.5.0\jsonassert-1.5.0.jar;E:\mavenDownload\com\vaadin\external\google\android-json\0.0.20131108.vaadin1\android-json-0.0.20131108.vaadin1.jar;E:\mavenDownload\org\springframework\spring-core\5.2.5.RELEASE\spring-core-5.2.5.RELEASE.jar;E:\mavenDownload\org\springframework\spring-jcl\5.2.5.RELEASE\spring-jcl-5.2.5.RELEASE.jar;E:\mavenDownload\org\springframework\spring-test\5.2.5.RELEASE\spring-test-5.2.5.RELEASE.jar;E:\mavenDownload\org\xmlunit\xmlunit-core\2.6.4\xmlunit-core-2.6.4.jar;E:\mavenDownload\org\springframework\boot\spring-boot-starter-web\2.2.6.RELEASE\spring-boot-starter-web-2.2.6.RELEASE.jar;E:\mavenDownload\org\springframework\boot\spring-boot-starter-json\2.2.6.RELEASE\spring-boot-starter-json-2.2.6.RELEASE.jar;E:\mavenDownload\com\fasterxml\jackson\core\jackson-databind\2.10.3\jackson-databind-2.10.3.jar;E:\mavenDownload\com\fasterxml\jackson\core\jackson-annotations\2.10.3\jackson-annotations-2.10.3.jar;E:\mavenDownload\com\fasterxml\jackson\core\jackson-core\2.10.3\jackson-core-2.10.3.jar;E:\mavenDownload\com\fasterxml\jackson\datatype\jackson-datatype-jdk8\2.10.3\jackson-datatype-jdk8-2.10.3.jar;E:\mavenDownload\com\fasterxml\jackson\datatype\jackson-datatype-jsr310\2.10.3\jackson-datatype-jsr310-2.10.3.jar;E:\mavenDownload\com\fasterxml\jackson\module\jackson-module-parameter-names\2.10.3\jackson-module-parameter-names-2.10.3.jar;E:\mavenDownload\org\springframework\boot\spring-boot-starter-tomcat\2.2.6.RELEASE\spring-boot-starter-tomcat-2.2.6.RELEASE.jar;E:\mavenDownload\org\apache\tomcat\embed\tomcat-embed-core\9.0.33\tomcat-embed-core-9.0.33.jar;E:\mavenDownload\org\apache\tomcat\embed\tomcat-embed-el\9.0.33\tomcat-embed-el-9.0.33.jar;E:\mavenDownload\org\apache\tomcat\embed\tomcat-embed-websocket\9.0.33\tomcat-embed-websocket-9.0.33.jar;E:\mavenDownload\org\springframework\boot\spring-boot-starter-validation\2.2.6.RELEASE\spring-boot-starter-validation-2.2.6.RELEASE.jar;E:\mavenDownload\jakarta\validation\jakarta.validation-api\2.0.2\jakarta.validation-api-2.0.2.jar;E:\mavenDownload\org\hibernate\validator\hibernate-validator\6.0.18.Final\hibernate-validator-6.0.18.Final.jar;E:\mavenDownload\org\jboss\logging\jboss-logging\3.4.1.Final\jboss-logging-3.4.1.Final.jar;E:\mavenDownload\com\fasterxml\classmate\1.5.1\classmate-1.5.1.jar;E:\mavenDownload\org\springframework\spring-web\5.2.5.RELEASE\spring-web-5.2.5.RELEASE.jar;E:\mavenDownload\org\springframework\spring-beans\5.2.5.RELEASE\spring-beans-5.2.5.RELEASE.jar;E:\mavenDownload\org\springframework\spring-webmvc\5.2.5.RELEASE\spring-webmvc-5.2.5.RELEASE.jar;E:\mavenDownload\org\springframework\spring-aop\5.2.5.RELEASE\spring-aop-5.2.5.RELEASE.jar;E:\mavenDownload\org\springframework\spring-context\5.2.5.RELEASE\spring-context-5.2.5.RELEASE.jar;E:\mavenDownload\org\springframework\spring-expression\5.2.5.RELEASE\spring-expression-5.2.5.RELEASE.jar;E:\mavenDownload\com\baomidou\mybatis-plus-boot-starter\3.3.1\mybatis-plus-boot-starter-3.3.1.jar;E:\mavenDownload\com\baomidou\mybatis-plus\3.3.1\mybatis-plus-3.3.1.jar;E:\mavenDownload\com\baomidou\mybatis-plus-extension\3.3.1\mybatis-plus-extension-3.3.1.jar;E:\mavenDownload\com\baomidou\mybatis-plus-core\3.3.1\mybatis-plus-core-3.3.1.jar;E:\mavenDownload\com\baomidou\mybatis-plus-annotation\3.3.1\mybatis-plus-annotation-3.3.1.jar;E:\mavenDownload\org\mybatis\mybatis\3.5.3\mybatis-3.5.3.jar;E:\mavenDownload\org\mybatis\mybatis-spring\2.0.3\mybatis-spring-2.0.3.jar;E:\mavenDownload\org\springframework\boot\spring-boot-autoconfigure\2.2.6.RELEASE\spring-boot-autoconfigure-2.2.6.RELEASE.jar;E:\mavenDownload\org\springframework\boot\spring-boot-starter-jdbc\2.2.6.RELEASE\spring-boot-starter-jdbc-2.2.6.RELEASE.jar;E:\mavenDownload\com\zaxxer\HikariCP\3.4.2\HikariCP-3.4.2.jar;E:\mavenDownload\org\springframework\spring-jdbc\5.2.5.RELEASE\spring-jdbc-5.2.5.RELEASE.jar;E:\mavenDownload\org\springframework\spring-tx\5.2.5.RELEASE\spring-tx-5.2.5.RELEASE.jar;E:\mavenDownload\com\alibaba\druid\1.1.13\druid-1.1.13.jar;E:\mavenDownload\commons-lang\commons-lang\2.6\commons-lang-2.6.jar;E:\mavenDownload\commons-io\commons-io\2.5\commons-io-2.5.jar;E:\mavenDownload\commons-configuration\commons-configuration\1.10\commons-configuration-1.10.jar;E:\mavenDownload\commons-logging\commons-logging\1.1.1\commons-logging-1.1.1.jar;E:\mavenDownload\com\alibaba\fastjson\1.2.60\fastjson-1.2.60.jar;E:\mavenDownload\org\apache\velocity\velocity\1.7\velocity-1.7.jar;E:\mavenDownload\commons-collections\commons-collections\3.2.1\commons-collections-3.2.1.jar;E:\mavenDownload\com\github\pagehelper\pagehelper-spring-boot-starter\1.2.5\pagehelper-spring-boot-starter-1.2.5.jar;E:\mavenDownload\org\mybatis\spring\boot\mybatis-spring-boot-starter\1.3.2\mybatis-spring-boot-starter-1.3.2.jar;E:\mavenDownload\org\mybatis\spring\boot\mybatis-spring-boot-autoconfigure\1.3.2\mybatis-spring-boot-autoconfigure-1.3.2.jar;E:\mavenDownload\com\github\pagehelper\pagehelper-spring-boot-autoconfigure\1.2.5\pagehelper-spring-boot-autoconfigure-1.2.5.jar;E:\mavenDownload\com\github\pagehelper\pagehelper\5.1.4\pagehelper-5.1.4.jar;E:\mavenDownload\com\github\jsqlparser\jsqlparser\1.0\jsqlparser-1.0.jar;E:\mavenDownload\mysql\mysql-connector-java\8.0.17\mysql-connector-java-8.0.17.jar;E:\mavenDownload\com\oracle\ojdbc6\11.2.0.3\ojdbc6-11.2.0.3.jar;E:\mavenDownload\com\microsoft\sqlserver\sqljdbc4\4.0\sqljdbc4-4.0.jar;E:\mavenDownload\org\postgresql\postgresql\42.2.11\postgresql-42.2.11.jar;E:\mavenDownload\org\mongodb\mongo-java-driver\3.11.0\mongo-java-driver-3.11.0.jar;"/>
    <property name="sun.cpu.endian" value="little"/>
    <property name="user.home" value="C:\Users\Administrator"/>
    <property name="user.language" value="zh"/>
    <property name="java.specification.vendor" value="Oracle Corporation"/>
    <property name="java.version.date" value="2023-01-17"/>
    <property name="java.home" value="C:\Program Files\Java\jdk-11"/>
    <property name="file.separator" value="\"/>
    <property name="basedir" value="E:\java-project\guli-shop\renren-generator"/>
    <property name="java.vm.compressedOopsMode" value="Zero based"/>
    <property name="line.separator" value="&#10;"/>
    <property name="java.specification.name" value="Java Platform API Specification"/>
    <property name="java.vm.specification.vendor" value="Oracle Corporation"/>
    <property name="java.awt.graphicsenv" value="sun.awt.Win32GraphicsEnvironment"/>
    <property name="surefire.real.class.path" value="C:\Users\ADMINI~1\AppData\Local\Temp\surefire11081883426220816397\surefirebooter15865937830254653566.jar"/>
    <property name="user.script" value=""/>
    <property name="sun.management.compiler" value="HotSpot 64-Bit Tiered Compilers"/>
    <property name="java.runtime.version" value="11.0.18+9-LTS-195"/>
    <property name="user.name" value="Administrator"/>
    <property name="path.separator" value=";"/>
    <property name="os.version" value="10.0"/>
    <property name="java.runtime.name" value="Java(TM) SE Runtime Environment"/>
    <property name="file.encoding" value="GBK"/>
    <property name="java.vm.name" value="Java HotSpot(TM) 64-Bit Server VM"/>
    <property name="java.vendor.version" value="18.9"/>
    <property name="localRepository" value="E:\mavenDownload"/>
    <property name="java.vendor.url.bug" value="https://bugreport.java.com/bugreport/"/>
    <property name="java.io.tmpdir" value="C:\Users\ADMINI~1\AppData\Local\Temp\"/>
    <property name="idea.version" value="2023.1.2"/>
    <property name="java.version" value="11.0.18"/>
    <property name="user.dir" value="E:\java-project\guli-shop\renren-generator"/>
    <property name="os.arch" value="amd64"/>
    <property name="java.vm.specification.name" value="Java Virtual Machine Specification"/>
    <property name="java.awt.printerjob" value="sun.awt.windows.WPrinterJob"/>
    <property name="sun.os.patch.level" value=""/>
    <property name="java.library.path" value="C:\Program Files\Java\jdk-11\bin;C:\Windows\Sun\Java\bin;C:\Windows\system32;C:\Windows;C:\Program Files\Common Files\Oracle\Java\javapath;C:\Windows\system32;C:\Windows;C:\Windows\System32\Wbem;C:\Windows\System32\WindowsPowerShell\v1.0\;C:\Windows\System32\OpenSSH\;C:\Program Files (x86)\NVIDIA Corporation\PhysX\Common;D:\nodejs\;D:\Git\cmd;D:\Git\bin;D:\Git\mingw64\libexec\git-core;D:\vagrant\bin;D:\xShell\;C:\Users\Administrator\AppData\Local\Microsoft\WindowsApps;C:\Users\Administrator\AppData\Roaming\npm;C:\Program Files\Bandizip\;D:\Microsoft VS Code\bin;D:\IntelliJ IDEA 2023.1.2\bin;;."/>
    <property name="java.vendor" value="Oracle Corporation"/>
    <property name="java.vm.info" value="mixed mode"/>
    <property name="java.vm.version" value="11.0.18+9-LTS-195"/>
    <property name="sun.io.unicode.encoding" value="UnicodeLittle"/>
    <property name="java.class.version" value="55.0"/>
  </properties>
  <testcase name="contextLoads" classname="io.renren.RenrenApplicationTests" time="0.114"/>
</testsuite>